C:\Program Files (x86)\Microsoft Visual Studio\2019\Enterprise\MSBuild\Microsoft\VC\v160\Microsoft.CppBuild.targets(467,5): warning MSB8028: The intermediate directory (Debug\) contains files shared from another project (RPGame.vcxproj).  This can lead to incorrect clean and rebuild behavior.
  Beatmap.cpp
C:\Users\lyambdadelta\Desktop\P-Folder\osulike\RPGame\Beatmap.cpp(12,41): warning C4244: 'argument': conversion from 'double' to 'float', possible loss of data
C:\Users\lyambdadelta\Desktop\P-Folder\osulike\RPGame\Beatmap.cpp(17,68): warning C4244: 'argument': conversion from 'int' to 'float', possible loss of data
C:\Users\lyambdadelta\Desktop\P-Folder\osulike\RPGame\Beatmap.cpp(17,40): warning C4244: 'argument': conversion from 'int' to 'float', possible loss of data
C:\Users\lyambdadelta\Desktop\P-Folder\osulike\RPGame\Beatmap.cpp(20,20): warning C4244: '=': conversion from 'current_time' to 'float', possible loss of data
C:\Users\lyambdadelta\Desktop\P-Folder\osulike\RPGame\Beatmap.cpp(25,68): warning C4244: 'argument': conversion from 'int' to 'float', possible loss of data
C:\Users\lyambdadelta\Desktop\P-Folder\osulike\RPGame\Beatmap.cpp(25,40): warning C4244: 'argument': conversion from 'int' to 'float', possible loss of data
C:\Users\lyambdadelta\Desktop\P-Folder\osulike\RPGame\Beatmap.cpp(28,66): warning C4244: 'argument': conversion from 'int' to 'float', possible loss of data
C:\Users\lyambdadelta\Desktop\P-Folder\osulike\RPGame\Beatmap.cpp(28,38): warning C4244: 'argument': conversion from 'int' to 'float', possible loss of data
C:\Users\lyambdadelta\Desktop\P-Folder\osulike\RPGame\Beatmap.cpp(32,120): warning C4244: '=': conversion from 'double' to 'float', possible loss of data
C:\Users\lyambdadelta\Desktop\P-Folder\osulike\RPGame\Beatmap.cpp(34,12): warning C4244: 'initializing': conversion from '_Ty2' to 'float', possible loss of data
          with
          [
              _Ty2=int
          ]
C:\Users\lyambdadelta\Desktop\P-Folder\osulike\RPGame\Beatmap.cpp(35,12): warning C4244: 'initializing': conversion from '_Ty1' to 'float', possible loss of data
          with
          [
              _Ty1=int
          ]
C:\Users\lyambdadelta\Desktop\P-Folder\osulike\RPGame\Beatmap.cpp(62,22): warning C4244: '=': conversion from 'current_time' to 'float', possible loss of data
C:\Users\lyambdadelta\Desktop\P-Folder\osulike\RPGame\Beatmap.cpp(65,20): warning C4244: '=': conversion from 'current_time' to 'float', possible loss of data
C:\Users\lyambdadelta\Desktop\P-Folder\osulike\RPGame\Beatmap.cpp(66,21): warning C4244: '=': conversion from 'current_time' to 'float', possible loss of data
C:\Users\lyambdadelta\Desktop\P-Folder\osulike\RPGame\Beatmap.cpp(71,68): warning C4244: 'argument': conversion from 'int' to 'float', possible loss of data
C:\Users\lyambdadelta\Desktop\P-Folder\osulike\RPGame\Beatmap.cpp(71,40): warning C4244: 'argument': conversion from 'int' to 'float', possible loss of data
C:\Users\lyambdadelta\Desktop\P-Folder\osulike\RPGame\Beatmap.cpp(74,66): warning C4244: 'argument': conversion from 'int' to 'float', possible loss of data
C:\Users\lyambdadelta\Desktop\P-Folder\osulike\RPGame\Beatmap.cpp(74,38): warning C4244: 'argument': conversion from 'int' to 'float', possible loss of data
C:\Users\lyambdadelta\Desktop\P-Folder\osulike\RPGame\Beatmap.cpp(84,21): warning C4305: '-=': truncation from 'double' to 'float'
C:\Users\lyambdadelta\Desktop\P-Folder\osulike\RPGame\Beatmap.cpp(87,21): warning C4305: '+=': truncation from 'double' to 'float'
C:\Users\lyambdadelta\Desktop\P-Folder\osulike\RPGame\Beatmap.cpp(90,21): warning C4305: '-=': truncation from 'double' to 'float'
C:\Users\lyambdadelta\Desktop\P-Folder\osulike\RPGame\Beatmap.cpp(93,21): warning C4305: '+=': truncation from 'double' to 'float'
C:\Users\lyambdadelta\Desktop\P-Folder\osulike\RPGame\Beatmap.cpp(100,53): warning C4305: '-=': truncation from 'double' to 'float'
C:\Users\lyambdadelta\Desktop\P-Folder\osulike\RPGame\Beatmap.cpp(106,53): warning C4305: '+=': truncation from 'double' to 'float'
C:\Users\lyambdadelta\Desktop\P-Folder\osulike\RPGame\Beatmap.cpp(114,53): warning C4305: '+=': truncation from 'double' to 'float'
C:\Users\lyambdadelta\Desktop\P-Folder\osulike\RPGame\Beatmap.cpp(120,53): warning C4305: '-=': truncation from 'double' to 'float'
C:\Users\lyambdadelta\Desktop\P-Folder\osulike\RPGame\Beatmap.cpp(130,22): warning C4244: '=': conversion from 'current_time' to 'float', possible loss of data
C:\Users\lyambdadelta\Desktop\P-Folder\osulike\RPGame\Beatmap.cpp(133,20): warning C4244: '=': conversion from 'current_time' to 'float', possible loss of data
C:\Users\lyambdadelta\Desktop\P-Folder\osulike\RPGame\Beatmap.cpp(134,21): warning C4244: '=': conversion from 'current_time' to 'float', possible loss of data
C:\Users\lyambdadelta\Desktop\P-Folder\osulike\RPGame\Beatmap.cpp(146,14): warning C4244: '+=': conversion from 'float' to '_Ty1', possible loss of data
          with
          [
              _Ty1=int
          ]
C:\Users\lyambdadelta\Desktop\P-Folder\osulike\RPGame\Beatmap.cpp(171,11): warning C4244: 'initializing': conversion from '_Ty2' to 'float', possible loss of data
          with
          [
              _Ty2=int
          ]
C:\Users\lyambdadelta\Desktop\P-Folder\osulike\RPGame\Beatmap.cpp(172,11): warning C4244: 'initializing': conversion from '_Ty1' to 'float', possible loss of data
          with
          [
              _Ty1=int
          ]
C:\Users\lyambdadelta\Desktop\P-Folder\osulike\RPGame\Beatmap.cpp(173,13): warning C4244: 'initializing': conversion from 'long double' to 'float', possible loss of data
C:\Users\lyambdadelta\Desktop\P-Folder\osulike\RPGame\Beatmap.cpp(223,90): warning C4244: 'argument': conversion from 'T' to 'float', possible loss of data
          with
          [
              T=unsigned int
          ]
C:\Users\lyambdadelta\Desktop\P-Folder\osulike\RPGame\Beatmap.cpp(223,52): warning C4244: 'argument': conversion from 'T' to 'float', possible loss of data
          with
          [
              T=unsigned int
          ]
C:\Users\lyambdadelta\Desktop\P-Folder\osulike\RPGame\Beatmap.cpp(240,62): warning C4244: 'argument': conversion from 'double' to 'float', possible loss of data
C:\Users\lyambdadelta\Desktop\P-Folder\osulike\RPGame\Beatmap.cpp(240,29): warning C4244: 'argument': conversion from 'double' to 'float', possible loss of data
C:\Users\lyambdadelta\Desktop\P-Folder\osulike\RPGame\Beatmap.cpp(248,86): warning C4244: 'argument': conversion from 'T' to 'float', possible loss of data
          with
          [
              T=int
          ]
C:\Users\lyambdadelta\Desktop\P-Folder\osulike\RPGame\Beatmap.cpp(248,52): warning C4244: 'argument': conversion from 'T' to 'float', possible loss of data
          with
          [
              T=int
          ]
C:\Users\lyambdadelta\Desktop\P-Folder\osulike\RPGame\Beatmap.cpp(267,55): warning C4244: '=': conversion from 'sf::Int32' to 'float', possible loss of data
C:\Users\lyambdadelta\Desktop\P-Folder\osulike\RPGame\Beatmap.cpp(268,18): warning C4018: '<': signed/unsigned mismatch
C:\Users\lyambdadelta\Desktop\P-Folder\osulike\RPGame\Beatmap.cpp(234,12): warning C4101: 'event': unreferenced local variable
C:\Users\lyambdadelta\Desktop\P-Folder\osulike\RPGame\Beatmap.cpp(548,29): warning C4244: 'argument': conversion from 'double' to 'float', possible loss of data
C:\Users\lyambdadelta\Desktop\P-Folder\osulike\RPGame\Beatmap.cpp(553,29): warning C4244: 'argument': conversion from 'double' to 'float', possible loss of data
C:\Users\lyambdadelta\Desktop\P-Folder\osulike\RPGame\Beatmap.cpp(560,28): warning C4244: 'argument': conversion from 'double' to 'float', possible loss of data
C:\Users\lyambdadelta\Desktop\P-Folder\osulike\RPGame\Beatmap.cpp(578,85): warning C4244: 'argument': conversion from 'T' to 'float', possible loss of data
          with
          [
              T=int
          ]
C:\Users\lyambdadelta\Desktop\P-Folder\osulike\RPGame\Beatmap.cpp(578,51): warning C4244: 'argument': conversion from 'T' to 'float', possible loss of data
          with
          [
              T=int
          ]
C:\Program Files (x86)\Microsoft Visual Studio\2019\Enterprise\VC\Tools\MSVC\14.26.28801\include\utility(152,16): warning C4244: 'initializing': conversion from 'const T' to '_Ty1', possible loss of data
          with
          [
              T=float
          ]
          and
          [
              _Ty1=int
          ]
C:\Users\lyambdadelta\Desktop\P-Folder\osulike\RPGame\Beatmap.cpp(31): message : see reference to function template instantiation 'std::pair<int,int>::pair<const T&,const T&,0>(_Other1,_Other2) noexcept' being compiled
          with
          [
              T=float,
              _Other1=const float &,
              _Other2=const float &
          ]
C:\Users\lyambdadelta\Desktop\P-Folder\osulike\RPGame\Beatmap.cpp(31): message : see reference to function template instantiation 'std::pair<int,int>::pair<const T&,const T&,0>(_Other1,_Other2) noexcept' being compiled
          with
          [
              T=float,
              _Other1=const float &,
              _Other2=const float &
          ]
C:\Program Files (x86)\Microsoft Visual Studio\2019\Enterprise\VC\Tools\MSVC\14.26.28801\include\utility(152,1): warning C4244: 'initializing': conversion from 'const T' to '_Ty2', possible loss of data
          with
          [
              T=float
          ]
          and
          [
              _Ty2=int
          ]
C:\Program Files (x86)\Microsoft Visual Studio\2019\Enterprise\VC\Tools\MSVC\14.26.28801\include\utility(152,16): warning C4244: 'initializing': conversion from '_Ty' to '_Ty1', possible loss of data
          with
          [
              _Ty=float
          ]
          and
          [
              _Ty1=int
          ]
C:\Users\lyambdadelta\Desktop\P-Folder\osulike\RPGame\Beatmap.cpp(189): message : see reference to function template instantiation 'std::pair<int,int>::pair<float,float,0>(_Other1 &&,_Other2 &&) noexcept' being compiled
          with
          [
              _Other1=float,
              _Other2=float
          ]
C:\Users\lyambdadelta\Desktop\P-Folder\osulike\RPGame\Beatmap.cpp(188): message : see reference to function template instantiation 'std::pair<int,int>::pair<float,float,0>(_Other1 &&,_Other2 &&) noexcept' being compiled
          with
          [
              _Other1=float,
              _Other2=float
          ]
C:\Program Files (x86)\Microsoft Visual Studio\2019\Enterprise\VC\Tools\MSVC\14.26.28801\include\utility(152,1): warning C4244: 'initializing': conversion from '_Ty' to '_Ty2', possible loss of data
          with
          [
              _Ty=float
          ]
          and
          [
              _Ty2=int
          ]
  main.cpp
  menu.cpp
  Song.cpp
  Generating Code...
C:\Users\lyambdadelta\Desktop\P-Folder\osulike\RPGame\Song.cpp(96): warning C4715: 'Parce': not all control paths return a value
  RPGame.vcxproj -> C:\Users\lyambdadelta\Desktop\P-Folder\osulike\Debug\Osulike.exe
